2023-07-02 02:25:10 INFO  UserTest:45 - ***Creating User*****
2023-07-02 02:25:12 INFO  UserTest:55 - ***getting User*****
2023-07-02 02:25:14 INFO  UserTest:66 - ***Updating User*****
2023-07-02 02:25:16 INFO  UserTest:84 - ***deleting User*****
2023-07-02 02:25:56 INFO  UserTest:45 - ***Creating User*****
2023-07-02 02:25:58 INFO  UserTest:55 - ***getting User*****
2023-07-02 02:25:59 INFO  UserTest:66 - ***Updating User*****
2023-07-02 02:26:02 INFO  UserTest:84 - ***deleting User*****
2023-07-02 02:28:06 INFO  UserTest:44 - ***Creating User*****
2023-07-02 02:28:09 INFO  UserTest:54 - ***getting User*****
2023-07-02 02:28:10 INFO  UserTest:65 - ***Updating User*****
2023-07-02 02:28:12 INFO  UserTest:83 - ***deleting User*****
2023-07-02 02:29:27 INFO  UserTest:44 - ***Creating User*****
2023-07-02 02:29:31 INFO  UserTest:54 - ***getting User*****
2023-07-02 02:29:32 INFO  UserTest:65 - ***Updating User*****
2023-07-02 02:29:34 INFO  UserTest:83 - ***deleting User*****
2023-07-02 02:31:18 DEBUG UserTest:38 - debugging..............
2023-07-02 02:31:18 INFO  UserTest:44 - ***Creating User*****
2023-07-02 02:31:21 INFO  UserTest:54 - ***getting User*****
2023-07-02 02:31:22 INFO  UserTest:65 - ***Updating User*****
2023-07-02 02:31:24 INFO  UserTest:83 - ***deleting User*****
2023-07-02 23:54:03 INFO  UserTest2:44 - ***Creating User*****
2023-07-02 23:54:06 INFO  UserTest2:54 - ***getting User*****
2023-07-02 23:54:07 INFO  UserTest2:65 - ***Updating User*****
2023-07-02 23:54:09 INFO  UserTest2:83 - ***deleting User*****
2023-07-02 23:55:20 INFO  UserTest2:44 - ***Creating User*****
2023-07-02 23:55:23 INFO  UserTest2:54 - ***getting User*****
2023-07-02 23:55:24 INFO  UserTest2:65 - ***Updating User*****
2023-07-02 23:55:25 INFO  UserTest2:83 - ***deleting User*****
2023-07-02 23:58:30 INFO  UserTest2:44 - ***Creating User*****
2023-07-02 23:58:34 INFO  UserTest2:54 - ***getting User*****
2023-07-02 23:58:35 INFO  UserTest2:65 - ***Updating User*****
2023-07-02 23:58:36 INFO  UserTest2:83 - ***deleting User*****
2023-07-03 00:00:48 INFO  UserTest2:44 - ***Creating User*****
2023-07-03 00:00:51 INFO  UserTest2:54 - ***getting User*****
2023-07-03 00:00:53 INFO  UserTest2:65 - ***Updating User*****
2023-07-03 00:00:54 INFO  UserTest2:83 - ***deleting User*****
2023-07-03 00:03:35 INFO  UserTest2:44 - ***Creating User*****
2023-07-03 00:03:38 INFO  UserTest2:54 - ***getting User*****
2023-07-03 00:03:40 INFO  UserTest2:65 - ***Updating User*****
2023-07-03 00:03:42 INFO  UserTest2:83 - ***deleting User*****
2023-07-03 00:08:54 INFO  UserTest2:43 - ***Creating User*****
2023-07-03 00:08:57 INFO  UserTest2:53 - ***getting User*****
2023-07-03 00:08:59 INFO  UserTest2:64 - ***Updating User*****
2023-07-03 00:09:00 INFO  UserTest2:82 - ***deleting User*****
2023-07-03 00:13:18 INFO  UserTest:44 - ***Creating User*****
2023-07-03 00:13:21 INFO  UserTest:54 - ***getting User*****
2023-07-03 00:13:23 INFO  UserTest:65 - ***Updating User*****
2023-07-03 00:13:26 INFO  UserTest:83 - ***deleting User*****
2023-07-03 00:14:00 INFO  UserTest2:43 - ***Creating User*****
2023-07-03 00:14:03 INFO  UserTest2:53 - ***getting User*****
2023-07-03 00:14:04 INFO  UserTest2:64 - ***Updating User*****
2023-07-03 00:14:06 INFO  UserTest2:82 - ***deleting User*****
2023-07-03 00:17:06 INFO  UserTest2:43 - ***Creating User*****
2023-07-03 00:19:22 INFO  UserTest2:53 - ***getting User*****
2023-07-03 00:19:32 INFO  UserTest2:64 - ***Updating User*****
2023-07-03 00:19:42 INFO  UserTest2:82 - ***deleting User*****
2023-07-03 00:24:38 INFO  UserTest2:43 - ***Creating User*****
2023-07-03 00:24:41 INFO  UserTest2:53 - ***getting User*****
2023-07-03 00:24:43 INFO  UserTest2:64 - ***Updating User*****
2023-07-03 00:24:43 INFO  UserTest2:82 - ***deleting User*****
2023-07-03 00:27:09 INFO  UserTest2:43 - ***Creating User*****
2023-07-03 00:27:13 INFO  UserTest2:53 - ***getting User*****
2023-07-03 00:27:15 INFO  UserTest2:64 - ***Updating User*****
2023-07-03 00:27:15 INFO  UserTest2:82 - ***deleting User*****
2023-07-03 00:30:13 INFO  UserTest2:43 - ***Creating User*****
2023-07-03 00:30:17 INFO  UserTest2:53 - ***getting User*****
2023-07-03 00:30:19 INFO  UserTest2:64 - ***Updating User*****
2023-07-03 00:30:20 INFO  UserTest2:82 - ***deleting User*****
2023-07-03 00:31:27 INFO  UserTest2:43 - ***Creating User*****
2023-07-03 00:31:31 INFO  UserTest2:53 - ***getting User*****
2023-07-03 00:31:32 INFO  UserTest2:64 - ***Updating User*****
2023-07-03 00:31:34 INFO  UserTest2:82 - ***deleting User*****
2023-07-03 00:33:48 INFO  UserTest2:43 - ***Creating User*****
2023-07-03 00:33:51 INFO  UserTest2:53 - ***getting User*****
2023-07-03 00:33:53 INFO  UserTest2:64 - ***Updating User*****
2023-07-03 00:33:56 INFO  UserTest2:82 - ***deleting User*****
2023-07-03 00:52:11 INFO  UserTest2:43 - ***Creating User*****
2023-07-03 00:52:14 INFO  UserTest2:53 - ***getting User*****
2023-07-03 00:52:15 INFO  UserTest2:64 - ***Updating User*****
2023-07-03 00:52:17 INFO  UserTest2:82 - ***deleting User*****
2023-07-03 01:16:50 INFO  UserTest2:43 - ***Creating User*****
2023-07-03 01:16:53 INFO  UserTest2:53 - ***getting User*****
2023-07-03 01:16:55 INFO  UserTest2:64 - ***Updating User*****
2023-07-03 01:16:57 INFO  UserTest2:82 - ***deleting User*****
